<?xml version="1.0" encoding="UTF-8"?>
<testsuite xmlns:xsi="http://www.w3.org/2001/XMLSchema-instance" xsi:noNamespaceSchemaLocation="https://maven.apache.org/surefire/maven-surefire-plugin/xsd/surefire-test-report-3.0.xsd" version="3.0" name="cucumberOptions.TestRunner" time="7.159" tests="4" errors="0" skipped="0" failures="0">
  <properties>
[...]
</properties>
  <testcase name="Given User is on greencart landing page" classname="Scenario: Search for items and validate results" time="0.001"/>
  <testcase name="When user searched for Cucumber vegetable" classname="Scenario: Search for items and validate results" time="0"/>
  <testcase name="Then &quot;Cucumber&quot; results are displayed" classname="Scenario: Search for items and validate results" time="0"/>
  <testcase name="Scenario: Search for items and validate results" classname="Scenario: Search for items and validate results" time="0"/>
</testsuite>